[00:00 elapsed] (1/24) UIUC ... ['acm-uiuc', 'ulab-uiuc', 'hack4impact-uiuc', 'ise-uiuc', 'UIUCLibrary', 'uiuc-kang-lab', 'uiuckimlab', 'uiuctml', 'UIUC-PPL', 'AI-secure', 'dassl-uiuc', 'uiuc-focal-lab', 'SIGMusic', 'UIUC-ChenLab', 'UIUC-CS498-Cloud']
[02:47 elapsed | ~30:42 remaining] (2/24) University of Maryland ... ['umd-lib', 'plum-umd', 'UMDBPP', 'raaslab', 'WeitzGroup', 'umd-memsys', 'umd-cgs', 'prgumd', 'umd-huang-lab', 'UMD-ARLIS', 'bitcamp', 'apexfund', 'GAMMA-UMD', 'UMD-CSEC', 'umd-fire-coml']
[04:35 elapsed | ~32:09 remaining] (3/24) Georgia Tech ... ['georgia-tech-db', 'RoboJackets', 'poloclub', 'AdityaLab', 'lunarlab-gatech', 'gtri', 'sharc-lab', 'gtiosclub', 'aigatech', 'pace-gt', 'gtfintechlab', 'DataScience-GT', 'InetIntel', 'gt-marine-robotics-group', 'smdogroup']
[07:41 elapsed | ~38:28 remaining] (4/24) University of Michigan ... ['mlibrary', 'SoarGroup', 'umich', 'umigv', 'UMich-BipedLab', 'michiganrobotics', 'sled-group', 'aims-umich', 'mdolab', 'BrooksResearchGroup-UM', 'Umich-CS', 'SchlossLab', 'UM-CSS', 'umich-biostatistics', 'masa-umich']
  skipping mlibrary (too large: 394 repos)
[09:57 elapsed | ~37:51 remaining] (5/24) University of Chicago ... ['threedle', 'uchicago', 'rcc-uchicago', 'mpcs-52040', 'uchicago-dsi', 'uchicago-library', 'uc-cdis', 'Ferg-Lab', 'UChicago-pol-methods', 'UChicago-Computational-Content-Analysis', 'stephenslab', 'internet-innovation', 'blekhmanlab', 'SeboLab', 'NORCUChicago']
[13:40 elapsed | ~41:01 remaining] (6/24) Northwestern University ... ['NUKnightLab', 'nulib', 'qsib-cbie', 'NUBagciLab', 'NU-Formula-Racing', 'MAGICS-LAB', 'cs-nu', 'NxRLab', 'arcana-lab', 'nulib-ds', 'PathologyDataScience', 'NUMLDS', 'NU394-s2025TTh', 'NU-CUCIS', 'nu-cs-sqe']
[15:35 elapsed | ~37:52 remaining] (7/24) Rice University ... ['datamllab', 'treangenlab', 'RUSH-LAB', 'rice-eclipse', 'rice-solar-physics', 'comp-well-org', 'SilbergLabRice', 'rice-university', 'nuRiceLab', 'KillianRice', 'RobinsonLab-Rice', 'unhelkarlab', 'rice-crc', 'NakhlehLab', 'RCSSA']
[16:51 elapsed | ~33:43 remaining] (8/24) University of Waterloo ... ['uwrobotics', 'UW-Advanced-Robotics-Lab', 'waterloo-rocketry', 'castorini', 'dsg-uwaterloo', 'igem-waterloo', 'uw-midsun', 'uwrealitylabs', 'uwaggs', 'gwf-uwaterloo', 'UWARG', 'rcslab', 'ssg-research', 'MathSoc', 'uw-swag']
[19:06 elapsed | ~31:50 remaining] (9/24) UT Austin ... ['VITA-Group', 'UTAustin-SwarmLab', 'EngineeringSoftware', 'wangmatgroup', 'intelligent-environments-lab', 'GilpinLab', 'utdata', 'YangMechanicsGroupUTAustin', 'trishullab', 'LonghornSilicon', 'UT-CHG', '395t', 'MakerSpace-FRI-UTAustin', 'uavaustin', 'keittlab']
[21:04 elapsed | ~29:30 remaining] (10/24) University of Washington ... ['DIGI-UW', 'geohackweek', 'ICESAT-2HackWeek', 'UW-ACL', 'uwnlp', 'huskyroboticsteam', 'uw-edu', 'efeslab', 'uwplse', 'uw-echospace', 'PPgp', 'uwsampl', 'uwcirg', 'uw-it-aca', 'uw-biorobotics']
[24:33 elapsed | ~29:01 remaining] (11/24) Cornell University ... ['cul-it', 'cornell-ece5745', 'cornell-ece4750', 'cornell-netlab', 'cucapra', 'cornell-ece2300', 'cornell-brg', 'cornell-ece2400', 'CUAI', 'cuappdev', 'cornell-cup', 'cornell-pl', 'CornellCIS', 'portugueslab', 'CUAir']
[26:24 elapsed | ~26:24 remaining] (12/24) Carnegie Mellon ... ['cmu-db', 'RoboticExplorationLab', 'isayevlab', 'carnegiemellonracing', 'textiles-lab', 'efficient', 'castacks', 'Optimal-Control-16-745', 'autonlab', 'biorobotics', 'cmu-lib', 'cmu-mlsp', 'cmu-ci-lab', 'intelligent-control-lab', 'CMU-SAFARI']
[28:55 elapsed | ~24:28 remaining] (13/24) UC San Diego ... ['ucsdsysnet', 'ucsdwcsng', 'AutonomousVehicleLaboratory', 'UCSD', 'Triton-AI', 'acmucsd', 'ABCD-STUDY', 'voytekresearch', 'ucsdlib', 'CogRob', 'Triton-Robotics', 'idekerlab', 'BIPN162', 'Power-Lab', 'soc-ucsd']
[31:11 elapsed | ~22:16 remaining] (14/24) Purdue University ... ['Purdue', 'Purdue-CS193', 'li-group', 'PurdueRM', 'PurdueElectricRacing', 'Purdue-SoCET', 'purduecyan', 'purdueLUG', 'CoMMALab', 'PurdueRCAC', 'Purdue-ECELabs', 'HKN-Beta', 'Purdue-Fort-Wayne-ACM', 'Purdue-ACM-SIGAPP', 'PRIME-Lab']
  skipping Purdue-CS193 (too large: 3531 repos)
[32:56 elapsed | ~19:45 remaining] (15/24) Johns Hopkins ... ['AndersenLab', 'JEFworks-Lab', 'arcadelab', 'JHUAPL', 'jhu-data-services', 'jhu-lcsr', 'jhu-sheridan-libraries', 'bxlab', 'HopkinsIDD', 'Johns-Hopkins-Engineering', 'OishiLab', 'intuitivecomputing', 'jhuwit', 'JH-inHealth', 'JH-TIC']
[34:59 elapsed | ~17:29 remaining] (16/24) Harvey Mudd College ... ['Lynn-Quantum-Optics', 'hmcmathematics', 'hmc-csm-clinic23', 'hmcmathclinic', 'math189r', 'hrl-labs-clinic-25-26', 'codethechangehmc', 'HMC-Open-Source', 'PEPPER-lab-HMC', 'hmc-lair', 'hmc-fall2025', 'math173', 'hmc-clinic-yelp15', 'hmc-cs159-spring2020']
[35:45 elapsed | ~14:43 remaining] (17/24) Caltech ... ['caltech', 'caltechlibrary', 'Caltech-IPAC', 'Caltech-AMBER', 'CaltechOpticalObservatories', 'caltech-netlab', 'Caltech-Biophotonics-Lab', 'caltechads', 'RPGroup-PBoC', 'glab-caltech', 'Caltech-geoquake', 'CaltechExperimentalGravity', 'caltechmsc', 'caltechrmc', 'ejhonglab']
  skipping caltechlibrary (too large: 348 repos)
[37:36 elapsed | ~12:32 remaining] (18/24) Notre Dame ... ['ndwebgroup', 'nditc', 'NDLUG', 'DM2-ND', 'crcresearch', 'FRCTeam1967', 'ROAM-Lab-ND', 'nd-nuclear-theory', 'ndcbe', 'nddsg', 'ndoit', 'Lucy-Family-Institute', 'ND-SaNDwichLAB', 'nd-crane', 'vgdcnd']
[38:40 elapsed | ~10:10 remaining] (19/24) Texas A&M ... []
[38:45 elapsed | ~07:45 remaining] (20/24) University of Virginia ... ['uvarc', 'UVADS', 'uva-bi-sdad', 'MARS-UVA', 'UVA-MLSys', 'uva-cs', 'Mircea-s-classes', 'uva-cs3140-sp24', 'UVA-High-Speed-Networks', 'uva-spin', 'virginiaequitycenter', 'virginiamotorsports', 'UVA-DSI', 'uvasrg', 'uva-cs4720-f22']
[40:42 elapsed | ~05:48 remaining] (21/24) Rochester Institute of Technology ... ['RIT-EVT', 'RITlug', 'FOSSRIT', 'rit-sse', 'ritsec', 'KCLabMTU', 'rit-construct-makerspace', 'RIT-cleansnow', 'rit-csc', 'RITJBF', 'RITIVCF', 'fmlrit', 'RITHonorsTechCommittee', 'RITcraft', 'RITSTARClub']
[41:58 elapsed | ~03:48 remaining] (22/24) University of Toronto ... ['UofTCoders', 'dcsil', 'BaderLab', 'schoolofcities', 'UofT-DSI', 'utra-robosoccer', 'utlib', 'bowang-lab', 'UTMIST', 'university-of-toronto-fsf', 'rvl-lab-utoronto', 'ieeeuoft', 'HIVE-UofT', 'uofthcdslab', 'utmgdsc']
[43:53 elapsed | ~01:54 remaining] (23/24) University of British Columbia ... ['UBC-MDS', 'ubc-vision', 'ubc-library-rc', 'ubcgif', 'ubc-systopia', 'ubcctf', 'vcg-uvic', 'STAT545-UBC', 'PavlidisLab', 'ubc-library', 'SiEPIC', 'OpenChemE', 'resplab', 'UBC-Solar', 'UBCFormulaElectric']
  skipping UBC-MDS (too large: 1215 repos)
[46:29 elapsed | ~00:00 remaining] (24/24) University of Wisconsin Madison ... ['uwgraphics', 'UW-Madison-DoIT', 'vsingh-group', 'CSC-UW', 'uwcartlab', 'CATS-Lab', 'SprocketLab', 'dholab', 'uw-madison-chem-shops', 'uwhealth-is', 'deweylab', 'hailab-uw', 'coongroup', 'AusterweilLab', 'WiscADSL']
Traceback (most recent call last):
  File "/Users/maxchen/Documents/catalyst-sourcing/main.py", line 333, in <module>
    score_delta = row["research_score"] - int(prev_row["research_score"] if prev_row else row["research_score"])
                                              ~~~~~~~~^^^^^^^^^^^^^^^^^^
KeyError: 'research_score'
